[2019-06-17T11:42:10+02:00] [Admin] login
[2019-06-17T11:45:41+02:00] [Admin] SetBuddyNotification
[2019-06-17T11:45:41+02:00] [Admin] SetServerOptions
[2019-06-17T11:46:13+02:00] [Admin] SetGameInfos
[2019-06-17T11:46:13+02:00] [Admin] SetForceShowAllOpponents
[2019-06-17T11:46:31+02:00] [Admin] SaveMatchSettings
[2019-06-17T11:46:47+02:00] [Admin] SaveMatchSettings
[2019-06-17T11:46:49+02:00] [Admin] SaveMatchSettings
[2019-06-17T11:47:14+02:00] [Admin] RemoveChallengeList
[2019-06-17T11:48:12+02:00] [Admin] InsertChallenge
[2019-06-17T11:48:12+02:00] [Admin] InsertChallenge
[2019-06-17T11:48:12+02:00] [Admin] InsertChallenge
[2019-06-17T11:48:12+02:00] [Admin] InsertChallenge
[2019-06-17T11:48:12+02:00] [Admin] InsertChallenge
[2019-06-17T11:48:12+02:00] [Admin] InsertChallenge
[2019-06-17T11:48:12+02:00] [Admin] InsertChallenge
[2019-06-17T11:48:12+02:00] [Admin] InsertChallenge
[2019-06-17T11:48:12+02:00] [Admin] InsertChallenge
[2019-06-17T11:48:12+02:00] [Admin] InsertChallenge
[2019-06-17T11:48:12+02:00] [Admin] InsertChallenge
[2019-06-17T11:48:12+02:00] [Admin] InsertChallenge
[2019-06-17T11:48:12+02:00] [Admin] InsertChallenge
[2019-06-17T11:48:12+02:00] [Admin] InsertChallenge
[2019-06-17T11:48:12+02:00] [Admin] InsertChallenge
[2019-06-17T11:48:12+02:00] [Admin] InsertChallenge
[2019-06-17T11:48:12+02:00] [Admin] InsertChallenge
[2019-06-17T11:48:12+02:00] [Admin] InsertChallenge
[2019-06-17T11:48:12+02:00] [Admin] InsertChallenge
[2019-06-17T11:48:12+02:00] [Admin] InsertChallenge
[2019-06-17T11:48:12+02:00] [Admin] InsertChallenge
[2019-06-17T11:48:12+02:00] [Admin] InsertChallenge
[2019-06-17T11:48:12+02:00] [Admin] InsertChallenge
[2019-06-17T11:48:12+02:00] [Admin] InsertChallenge
[2019-06-17T11:48:12+02:00] [Admin] InsertChallenge
[2019-06-17T11:48:12+02:00] [Admin] InsertChallenge
[2019-06-17T11:48:12+02:00] [Admin] InsertChallenge
[2019-06-17T11:48:12+02:00] [Admin] InsertChallenge
[2019-06-17T11:48:12+02:00] [Admin] InsertChallenge
[2019-06-17T11:48:12+02:00] [Admin] InsertChallenge
[2019-06-17T11:48:12+02:00] [Admin] InsertChallenge
[2019-06-17T11:48:12+02:00] [Admin] InsertChallenge
[2019-06-17T11:48:12+02:00] [Admin] InsertChallenge
[2019-06-17T11:48:22+02:00] [Admin] ChooseNextChallengeList
[2019-06-17T11:48:25+02:00] [Admin] ForceEndRound
[2019-06-17T11:48:41+02:00] [Admin] ChallengeRestart
[2019-06-17T11:48:49+02:00] [Admin] NextChallenge
[2019-06-17T11:49:02+02:00] [Admin] RemoveChallengeList
[2019-06-17T11:49:09+02:00] [Admin] SaveMatchSettings
[2019-06-17T11:50:51+02:00] [Admin] ForceEndRound
[2019-06-17T11:51:13+02:00] [Admin] NextChallenge
[2019-06-17T11:53:58+02:00] [Admin] ForceEndRound
[2019-06-17T11:55:06+02:00] [Admin] SetBuddyNotification
[2019-06-17T11:55:06+02:00] [Admin] SetServerOptions
[2019-06-17T11:56:20+02:00] [Admin] AddChallenge
[2019-06-17T11:56:20+02:00] [Admin] AddChallenge
[2019-06-17T11:56:20+02:00] [Admin] AddChallenge
[2019-06-17T11:56:20+02:00] [Admin] AddChallenge
[2019-06-17T11:56:20+02:00] [Admin] AddChallenge
[2019-06-17T11:56:20+02:00] [Admin] AddChallenge
[2019-06-17T11:56:20+02:00] [Admin] AddChallenge
[2019-06-17T11:56:20+02:00] [Admin] AddChallenge
[2019-06-17T11:56:20+02:00] [Admin] AddChallenge
[2019-06-17T11:56:20+02:00] [Admin] AddChallenge
[2019-06-17T11:56:20+02:00] [Admin] AddChallenge
[2019-06-17T11:56:20+02:00] [Admin] AddChallenge
[2019-06-17T11:56:20+02:00] [Admin] AddChallenge
[2019-06-17T11:56:20+02:00] [Admin] AddChallenge
[2019-06-17T11:56:20+02:00] [Admin] AddChallenge
[2019-06-17T11:56:20+02:00] [Admin] AddChallenge
[2019-06-17T11:56:20+02:00] [Admin] AddChallenge
[2019-06-17T11:56:20+02:00] [Admin] AddChallenge
[2019-06-17T11:56:20+02:00] [Admin] AddChallenge
[2019-06-17T11:56:20+02:00] [Admin] AddChallenge
[2019-06-17T11:56:20+02:00] [Admin] AddChallenge
[2019-06-17T11:56:20+02:00] [Admin] AddChallenge
[2019-06-17T11:56:20+02:00] [Admin] AddChallenge
[2019-06-17T11:56:20+02:00] [Admin] AddChallenge
[2019-06-17T11:56:20+02:00] [Admin] AddChallenge
[2019-06-17T11:56:20+02:00] [Admin] AddChallenge
[2019-06-17T11:56:20+02:00] [Admin] AddChallenge
[2019-06-17T11:56:20+02:00] [Admin] AddChallenge
[2019-06-17T11:56:20+02:00] [Admin] AddChallenge
[2019-06-17T11:56:20+02:00] [Admin] AddChallenge
[2019-06-17T11:56:20+02:00] [Admin] AddChallenge
[2019-06-17T11:56:20+02:00] [Admin] AddChallenge
[2019-06-17T11:56:20+02:00] [Admin] AddChallenge
[2019-06-17T11:56:35+02:00] [Admin] SaveMatchSettings
[2019-06-17T11:56:36+02:00] [Admin] SaveMatchSettings
[2019-06-17T11:56:42+02:00] [Admin] ForceEndRound
[2019-06-17T11:56:55+02:00] [Admin] NextChallenge
[2019-06-20T00:53:49+02:00] [Admin] login
[2019-06-20T00:54:59+02:00] [Admin] AddChallenge
[2019-06-20T00:54:59+02:00] [Admin] AddChallenge
[2019-06-20T00:54:59+02:00] [Admin] AddChallenge
[2019-06-20T00:55:54+02:00] [Admin] SaveMatchSettings
[2019-06-20T00:56:26+02:00] [Admin] ChooseNextChallengeList
[2019-06-20T00:57:38+02:00] [Admin] SetGameInfos
[2019-06-20T00:57:38+02:00] [Admin] SetForceShowAllOpponents
[2019-06-20T00:57:43+02:00] [Admin] SetGameInfos
[2019-06-20T00:57:43+02:00] [Admin] SetForceShowAllOpponents
[2019-06-20T00:57:47+02:00] [Admin] SetGameInfos
[2019-06-20T00:57:47+02:00] [Admin] SetForceShowAllOpponents
[2019-06-20T00:57:48+02:00] [Admin] SetGameInfos
[2019-06-20T00:57:48+02:00] [Admin] SetForceShowAllOpponents
[2019-06-20T00:57:48+02:00] [Admin] SetGameInfos
[2019-06-20T00:57:48+02:00] [Admin] SetForceShowAllOpponents
[2019-06-20T00:57:49+02:00] [Admin] SetGameInfos
[2019-06-20T00:57:49+02:00] [Admin] SetForceShowAllOpponents
[2019-06-20T00:57:49+02:00] [Admin] SetGameInfos
[2019-06-20T00:57:49+02:00] [Admin] SetForceShowAllOpponents
[2019-06-20T00:57:49+02:00] [Admin] SetGameInfos
[2019-06-20T00:57:49+02:00] [Admin] SetForceShowAllOpponents
[2019-06-20T00:57:55+02:00] [Admin] SetGameInfos
[2019-06-20T00:57:55+02:00] [Admin] SetForceShowAllOpponents
[2019-06-20T00:58:15+02:00] [Admin] SetGameInfos
[2019-06-20T00:58:15+02:00] [Admin] SetForceShowAllOpponents
[2019-06-20T00:58:16+02:00] [Admin] SetGameInfos
[2019-06-20T00:58:16+02:00] [Admin] SetForceShowAllOpponents
[2019-06-20T00:58:16+02:00] [Admin] SetGameInfos
[2019-06-20T00:58:16+02:00] [Admin] SetForceShowAllOpponents
[2019-06-20T00:58:16+02:00] [Admin] SetGameInfos
[2019-06-20T00:58:16+02:00] [Admin] SetForceShowAllOpponents
[2019-06-20T00:58:21+02:00] [Admin] SetGameInfos
[2019-06-20T00:58:21+02:00] [Admin] SetForceShowAllOpponents
[2019-06-20T00:58:21+02:00] [Admin] SetGameInfos
[2019-06-20T00:58:21+02:00] [Admin] SetForceShowAllOpponents
[2019-06-20T00:58:21+02:00] [Admin] SetGameInfos
[2019-06-20T00:58:21+02:00] [Admin] SetForceShowAllOpponents
[2019-06-20T00:58:31+02:00] [Admin] SaveMatchSettings
[2019-06-20T01:27:39+02:00] [Admin] ChooseNextChallengeList
[2019-07-10T21:30:39+02:00] [Admin] login
[2019-07-10T21:34:03+02:00] [Admin] AddChallenge
[2019-07-10T21:34:03+02:00] [Admin] AddChallenge
[2019-07-10T21:34:03+02:00] [Admin] AddChallenge
[2019-07-10T21:34:03+02:00] [Admin] AddChallenge
[2019-07-10T21:34:25+02:00] [Admin] ChooseNextChallengeList
[2019-07-10T21:34:54+02:00] [Admin] SaveMatchSettings
[2019-07-12T20:54:23+02:00] [Admin] login
[2019-07-12T20:55:06+02:00] [Admin] InsertChallenge
[2019-07-12T20:55:06+02:00] [Admin] InsertChallenge
[2019-07-12T20:55:06+02:00] [Admin] InsertChallenge
[2019-07-12T20:55:06+02:00] [Admin] InsertChallenge
[2019-07-12T20:55:06+02:00] [Admin] InsertChallenge
[2019-07-12T20:55:06+02:00] [Admin] InsertChallenge
[2019-07-12T20:55:06+02:00] [Admin] InsertChallenge
[2019-07-12T20:55:06+02:00] [Admin] InsertChallenge
[2019-07-12T20:55:06+02:00] [Admin] InsertChallenge
[2019-07-12T20:55:06+02:00] [Admin] InsertChallenge
[2019-07-12T20:55:06+02:00] [Admin] InsertChallenge
[2019-07-12T20:55:06+02:00] [Admin] InsertChallenge
[2019-07-12T20:55:06+02:00] [Admin] InsertChallenge
[2019-07-12T20:56:48+02:00] [Admin] ChooseNextChallengeList
[2019-07-12T21:00:25+02:00] [Admin] ChooseNextChallengeList
[2019-07-12T21:01:30+02:00] [Admin] AddChallenge
[2019-07-12T21:01:30+02:00] [Admin] AddChallenge
[2019-07-12T21:01:30+02:00] [Admin] AddChallenge
[2019-07-12T21:01:30+02:00] [Admin] AddChallenge
[2019-07-12T21:01:30+02:00] [Admin] AddChallenge
[2019-07-12T21:01:30+02:00] [Admin] AddChallenge
[2019-07-12T21:01:30+02:00] [Admin] AddChallenge
[2019-07-12T21:01:30+02:00] [Admin] AddChallenge
[2019-07-12T21:01:30+02:00] [Admin] AddChallenge
[2019-07-12T21:01:30+02:00] [Admin] AddChallenge
[2019-07-12T21:01:30+02:00] [Admin] AddChallenge
[2019-07-12T21:01:30+02:00] [Admin] AddChallenge
[2019-07-12T21:01:30+02:00] [Admin] AddChallenge
[2019-07-12T21:02:03+02:00] [Admin] ChooseNextChallengeList
[2019-07-12T21:02:54+02:00] [Admin] AddChallenge
[2019-07-12T21:02:54+02:00] [Admin] AddChallenge
[2019-07-12T21:02:54+02:00] [Admin] AddChallenge
[2019-07-12T21:02:54+02:00] [Admin] AddChallenge
[2019-07-12T21:02:54+02:00] [Admin] AddChallenge
[2019-07-12T21:02:54+02:00] [Admin] AddChallenge
[2019-07-12T21:02:54+02:00] [Admin] AddChallenge
[2019-07-12T21:02:54+02:00] [Admin] AddChallenge
[2019-07-12T21:02:54+02:00] [Admin] AddChallenge
[2019-07-12T21:02:54+02:00] [Admin] AddChallenge
[2019-07-12T21:02:54+02:00] [Admin] AddChallenge
[2019-07-12T21:02:54+02:00] [Admin] AddChallenge
[2019-07-12T21:02:54+02:00] [Admin] AddChallenge
[2019-07-12T21:02:54+02:00] [Admin] AddChallenge
[2019-07-12T21:02:54+02:00] [Admin] AddChallenge
[2019-07-12T21:02:54+02:00] [Admin] AddChallenge
[2019-07-12T21:02:54+02:00] [Admin] AddChallenge
[2019-07-12T21:02:54+02:00] [Admin] AddChallenge
[2019-07-12T21:02:54+02:00] [Admin] AddChallenge
[2019-07-12T21:02:54+02:00] [Admin] AddChallenge
[2019-07-12T21:03:49+02:00] [Admin] AddChallenge
[2019-07-12T21:03:49+02:00] [Admin] AddChallenge
[2019-07-12T21:03:49+02:00] [Admin] AddChallenge
[2019-07-12T21:03:49+02:00] [Admin] AddChallenge
[2019-07-12T21:03:49+02:00] [Admin] AddChallenge
[2019-07-12T21:03:49+02:00] [Admin] AddChallenge
[2019-07-12T21:03:49+02:00] [Admin] AddChallenge
[2019-07-12T21:03:49+02:00] [Admin] AddChallenge
[2019-07-12T21:03:49+02:00] [Admin] AddChallenge
[2019-07-12T21:03:49+02:00] [Admin] AddChallenge
[2019-07-12T21:03:49+02:00] [Admin] AddChallenge
[2019-07-12T21:03:49+02:00] [Admin] AddChallenge
[2019-07-12T21:03:49+02:00] [Admin] AddChallenge
[2019-07-12T21:04:02+02:00] [Admin] ChooseNextChallengeList
[2019-07-12T21:04:52+02:00] [Admin] ChooseNextChallengeList
[2019-07-12T21:05:14+02:00] [Admin] ChooseNextChallengeList
[2019-07-12T21:05:24+02:00] [Admin] SaveMatchSettings
[2019-07-28T20:44:28+02:00] [Admin] login
[2019-07-28T20:48:10+02:00] [Admin] InsertChallenge
[2019-07-28T20:48:10+02:00] [Admin] InsertChallenge
[2019-07-28T20:48:10+02:00] [Admin] InsertChallenge
[2019-07-28T20:48:10+02:00] [Admin] InsertChallenge
[2019-07-28T20:48:10+02:00] [Admin] InsertChallenge
[2019-07-28T20:48:10+02:00] [Admin] InsertChallenge
[2019-07-28T20:48:10+02:00] [Admin] InsertChallenge
[2019-07-28T20:48:10+02:00] [Admin] InsertChallenge
[2019-07-28T20:48:10+02:00] [Admin] InsertChallenge
[2019-07-28T20:50:12+02:00] [Admin] LoadMatchSettings
[2019-07-28T20:50:17+02:00] [Admin] SaveMatchSettings
[2019-07-28T20:50:24+02:00] [Admin] LoadMatchSettings
[2019-07-28T20:50:26+02:00] [Admin] LoadMatchSettings
[2019-07-28T20:50:27+02:00] [Admin] LoadMatchSettings
[2019-07-28T20:50:27+02:00] [Admin] LoadMatchSettings
[2019-07-28T20:50:29+02:00] [Admin] SaveMatchSettings
[2019-07-28T20:50:30+02:00] [Admin] LoadMatchSettings
[2019-07-28T20:50:31+02:00] [Admin] LoadMatchSettings
[2019-07-28T20:50:31+02:00] [Admin] LoadMatchSettings
[2019-07-28T20:50:32+02:00] [Admin] LoadMatchSettings
[2019-07-28T20:50:34+02:00] [Admin] LoadMatchSettings
[2019-07-28T20:50:34+02:00] [Admin] AppendPlaylistFromMatchSettings
[2019-07-28T20:50:39+02:00] [Admin] SaveMatchSettings
[2019-07-28T20:50:39+02:00] [Admin] SaveMatchSettings
[2019-07-28T20:51:10+02:00] [Admin] LoadMatchSettings
[2019-07-28T20:51:59+02:00] [Admin] SaveMatchSettings
[2019-07-28T20:52:19+02:00] [Admin] NextChallenge
[2019-07-28T20:52:27+02:00] [Admin] NextChallenge
[2019-07-28T20:53:37+02:00] [Admin] LoadMatchSettings
[2019-07-29T22:06:53+02:00] [Admin] login
[2019-07-29T22:07:06+02:00] [Admin] SaveMatchSettings
[2019-07-29T22:07:09+02:00] [Admin] LoadMatchSettings
[2019-07-29T22:07:18+02:00] [Admin] LoadMatchSettings
[2019-07-29T22:10:21+02:00] [Admin] login
[2019-07-29T22:10:21+02:00] [Admin] login
[2019-07-29T22:10:22+02:00] [Admin] login
[2019-07-29T22:10:23+02:00] [Admin] login
[2019-07-29T22:10:23+02:00] [Admin] login
[2019-07-29T22:10:24+02:00] [Admin] login
[2019-07-29T22:10:24+02:00] [Admin] login
[2019-07-29T22:10:24+02:00] [Admin] login
[2019-07-29T22:10:24+02:00] [Admin] login
[2019-07-29T22:10:31+02:00] [Admin] login
[2019-07-29T22:10:32+02:00] [Admin] login
[2019-07-29T22:14:01+02:00] [Admin] SaveMatchSettings
[2019-07-29T22:14:04+02:00] [Admin] LoadMatchSettings
[2019-07-29T22:14:05+02:00] [Admin] LoadMatchSettings
[2019-07-29T22:14:06+02:00] [Admin] LoadMatchSettings
[2019-07-29T22:14:13+02:00] [Admin] LoadMatchSettings
[2019-07-29T22:14:23+02:00] [Admin] RemoveChallengeList
[2019-07-29T22:15:28+02:00] [Admin] AddChallenge
[2019-07-29T22:15:28+02:00] [Admin] AddChallenge
[2019-07-29T22:15:28+02:00] [Admin] AddChallenge
[2019-07-29T22:15:28+02:00] [Admin] AddChallenge
[2019-07-29T22:15:28+02:00] [Admin] AddChallenge
[2019-07-29T22:15:28+02:00] [Admin] AddChallenge
[2019-07-29T22:15:28+02:00] [Admin] AddChallenge
[2019-07-29T22:15:28+02:00] [Admin] AddChallenge
[2019-07-29T22:15:28+02:00] [Admin] AddChallenge
[2019-07-29T22:15:28+02:00] [Admin] AddChallenge
[2019-07-29T22:15:28+02:00] [Admin] AddChallenge
[2019-07-29T22:15:28+02:00] [Admin] AddChallenge
[2019-07-29T22:15:28+02:00] [Admin] AddChallenge
[2019-07-29T22:15:28+02:00] [Admin] AddChallenge
[2019-07-29T22:15:28+02:00] [Admin] AddChallenge
[2019-07-29T22:15:28+02:00] [Admin] AddChallenge
[2019-07-29T22:15:28+02:00] [Admin] AddChallenge
[2019-07-29T22:15:28+02:00] [Admin] AddChallenge
[2019-07-29T22:15:28+02:00] [Admin] AddChallenge
[2019-07-29T22:15:28+02:00] [Admin] AddChallenge
[2019-07-29T22:15:28+02:00] [Admin] AddChallenge
[2019-07-29T22:15:28+02:00] [Admin] AddChallenge
[2019-07-29T22:15:28+02:00] [Admin] AddChallenge
[2019-07-29T22:15:28+02:00] [Admin] AddChallenge
[2019-07-29T22:15:28+02:00] [Admin] AddChallenge
[2019-07-29T22:15:28+02:00] [Admin] AddChallenge
[2019-07-29T22:15:28+02:00] [Admin] AddChallenge
[2019-07-29T22:15:28+02:00] [Admin] AddChallenge
[2019-07-29T22:15:28+02:00] [Admin] AddChallenge
[2019-07-29T22:15:28+02:00] [Admin] AddChallenge
[2019-07-29T22:15:28+02:00] [Admin] AddChallenge
[2019-07-29T22:15:28+02:00] [Admin] AddChallenge
[2019-07-29T22:15:28+02:00] [Admin] AddChallenge
[2019-07-29T22:15:28+02:00] [Admin] AddChallenge
[2019-07-29T22:15:28+02:00] [Admin] AddChallenge
[2019-07-29T22:15:28+02:00] [Admin] AddChallenge
[2019-07-29T22:15:28+02:00] [Admin] AddChallenge
[2019-07-29T22:15:28+02:00] [Admin] AddChallenge
[2019-07-29T22:15:28+02:00] [Admin] AddChallenge
[2019-07-29T22:15:28+02:00] [Admin] AddChallenge
[2019-07-29T22:15:28+02:00] [Admin] AddChallenge
[2019-07-29T22:15:28+02:00] [Admin] AddChallenge
[2019-07-29T22:15:28+02:00] [Admin] AddChallenge
[2019-07-29T22:15:28+02:00] [Admin] AddChallenge
[2019-07-29T22:15:28+02:00] [Admin] AddChallenge
[2019-07-29T22:15:28+02:00] [Admin] AddChallenge
[2019-07-29T22:15:28+02:00] [Admin] AddChallenge
[2019-07-29T22:15:28+02:00] [Admin] AddChallenge
[2019-07-29T22:15:28+02:00] [Admin] AddChallenge
[2019-07-29T22:15:28+02:00] [Admin] AddChallenge
[2019-07-29T22:15:28+02:00] [Admin] AddChallenge
[2019-07-29T22:15:28+02:00] [Admin] AddChallenge
[2019-07-29T22:15:28+02:00] [Admin] AddChallenge
[2019-07-29T22:15:28+02:00] [Admin] AddChallenge
[2019-07-29T22:15:28+02:00] [Admin] AddChallenge
[2019-07-29T22:15:28+02:00] [Admin] AddChallenge
[2019-07-29T22:15:28+02:00] [Admin] AddChallenge
[2019-07-29T22:15:28+02:00] [Admin] AddChallenge
[2019-07-29T22:15:28+02:00] [Admin] AddChallenge
[2019-07-29T22:15:28+02:00] [Admin] AddChallenge
[2019-07-29T22:15:28+02:00] [Admin] AddChallenge
[2019-07-29T22:15:37+02:00] [Admin] NextChallenge
[2019-07-29T22:16:49+02:00] [Admin] RemoveChallengeList
[2019-07-29T22:16:56+02:00] [Admin] ChooseNextChallengeList
[2019-07-29T22:17:06+02:00] [Admin] SaveMatchSettings
