[2019-06-17T11:42:24+02:00] [2019-06-17T11:42:24+02:00] [remoteCP Notice] Serverconnection not available! remoteCP turned to offline-mode, this is not a error message!
[2019-06-17T11:44:16+02:00] [2019-06-17T11:44:16+02:00] [remoteCP Notice] Serverconnection not available! remoteCP turned to offline-mode, this is not a error message!
[2019-06-17T11:51:32+02:00] [2019-06-17T11:51:32+02:00] [remoteCP Notice] transport error - connection interrupted! [-32700]
[2019-06-17T11:51:45+02:00] [2019-06-17T11:51:45+02:00] [remoteCP Notice] Serverconnection not available! remoteCP turned to offline-mode, this is not a error message!
[2019-06-17T11:53:42+02:00] [2019-06-17T11:53:42+02:00] [remoteCP Notice] parse error. not well formed
[2019-06-17T11:53:42+02:00] [2019-06-17T11:53:42+02:00] [PHP Warning] Invalid argument supplied for foreach() on line 37 in file C:\Users\alexa\Desktop\usbTMFserver_v2.9\Webserver\www\rcp4\plugins\Update\index.php
[2019-06-17T11:53:42+02:00] [2019-06-17T11:53:42+02:00] [PHP Warning] Invalid argument supplied for foreach() on line 50 in file C:\Users\alexa\Desktop\usbTMFserver_v2.9\Webserver\www\rcp4\plugins\Update\index.php
[2019-07-28T20:44:43+02:00] [2019-07-28T20:44:43+02:00] [remoteCP Notice] Serverconnection not available! remoteCP turned to offline-mode, this is not a error message!
[2019-07-28T20:48:08+02:00] [2019-07-28T20:48:08+02:00] [remoteCP Notice] No file uploaded
[2019-07-28T20:55:35+02:00] [2019-07-28T20:55:35+02:00] [remoteCP Notice] Serverconnection not available! remoteCP turned to offline-mode, this is not a error message!
[2019-07-28T20:56:03+02:00] [2019-07-28T20:56:03+02:00] [remoteCP Notice] Serverconnection not available! remoteCP turned to offline-mode, this is not a error message!
[2019-07-29T22:10:21+02:00] [2019-07-29T22:10:21+02:00] [PHP Warning] require_once(default/templates/ajax/tpl.header.php): failed to open stream: No such file or directory on line 52 in file C:\Users\Robin\Desktop\usbTMFserver_v2.9\Webserver\www\rcp4\ajax.php
[2019-07-29T22:10:21+02:00] [2019-07-29T22:10:21+02:00] [PHP Warning] require_once(default/templates/ajax/tpl.header.php): failed to open stream: No such file or directory on line 52 in file C:\Users\Robin\Desktop\usbTMFserver_v2.9\Webserver\www\rcp4\ajax.php
[2019-07-29T22:10:22+02:00] [2019-07-29T22:10:22+02:00] [PHP Warning] require_once(default/templates/ajax/tpl.header.php): failed to open stream: No such file or directory on line 52 in file C:\Users\Robin\Desktop\usbTMFserver_v2.9\Webserver\www\rcp4\ajax.php
[2019-07-29T22:10:23+02:00] [2019-07-29T22:10:23+02:00] [PHP Warning] require_once(default/templates/ajax/tpl.header.php): failed to open stream: No such file or directory on line 52 in file C:\Users\Robin\Desktop\usbTMFserver_v2.9\Webserver\www\rcp4\ajax.php
[2019-07-29T22:10:23+02:00] [2019-07-29T22:10:23+02:00] [PHP Warning] require_once(default/templates/ajax/tpl.header.php): failed to open stream: No such file or directory on line 52 in file C:\Users\Robin\Desktop\usbTMFserver_v2.9\Webserver\www\rcp4\ajax.php
[2019-07-29T22:10:24+02:00] [2019-07-29T22:10:24+02:00] [PHP Warning] require_once(default/templates/ajax/tpl.header.php): failed to open stream: No such file or directory on line 52 in file C:\Users\Robin\Desktop\usbTMFserver_v2.9\Webserver\www\rcp4\ajax.php
[2019-07-29T22:10:24+02:00] [2019-07-29T22:10:24+02:00] [PHP Warning] require_once(default/templates/ajax/tpl.header.php): failed to open stream: No such file or directory on line 52 in file C:\Users\Robin\Desktop\usbTMFserver_v2.9\Webserver\www\rcp4\ajax.php
[2019-07-29T22:10:24+02:00] [2019-07-29T22:10:24+02:00] [PHP Warning] require_once(default/templates/ajax/tpl.header.php): failed to open stream: No such file or directory on line 52 in file C:\Users\Robin\Desktop\usbTMFserver_v2.9\Webserver\www\rcp4\ajax.php
[2019-07-29T22:10:24+02:00] [2019-07-29T22:10:24+02:00] [PHP Warning] require_once(default/templates/ajax/tpl.header.php): failed to open stream: No such file or directory on line 52 in file C:\Users\Robin\Desktop\usbTMFserver_v2.9\Webserver\www\rcp4\ajax.php
[2019-07-29T22:10:31+02:00] [2019-07-29T22:10:31+02:00] [PHP Warning] require_once(default/templates/ajax/tpl.header.php): failed to open stream: No such file or directory on line 52 in file C:\Users\Robin\Desktop\usbTMFserver_v2.9\Webserver\www\rcp4\ajax.php
[2019-07-29T22:10:32+02:00] [2019-07-29T22:10:32+02:00] [PHP Warning] require_once(default/templates/ajax/tpl.header.php): failed to open stream: No such file or directory on line 52 in file C:\Users\Robin\Desktop\usbTMFserver_v2.9\Webserver\www\rcp4\ajax.php
